[ 2025-02-01 13:27:54,103 ] 97 werkzeug - INFO - [31m[1mWARNING: This is a development server. Do not use it in a production deployment. Use a production WSGI server instead.[0m
 * Running on http://127.0.0.1:5000
[ 2025-02-01 13:27:54,103 ] 97 werkzeug - INFO - [33mPress CTRL+C to quit[0m
[ 2025-02-01 13:27:54,106 ] 97 werkzeug - INFO -  * Restarting with stat
[ 2025-02-01 13:27:54,867 ] 97 werkzeug - WARNING -  * Debugger is active!
[ 2025-02-01 13:27:54,879 ] 97 werkzeug - INFO -  * Debugger PIN: 866-889-820
[ 2025-02-01 13:39:44,699 ] 97 werkzeug - INFO -  * Detected change in 'C:\\Users\\PC\\Documents\\ML_PIPELINE\\ML_Pipeline_Project\\src\\exception.py', reloading
[ 2025-02-01 13:39:44,775 ] 97 werkzeug - INFO -  * Restarting with stat
[ 2025-02-01 13:39:58,590 ] 97 werkzeug - INFO -  * Restarting with stat
[ 2025-02-01 14:13:36,831 ] 97 werkzeug - INFO -  * Restarting with stat
[ 2025-02-01 14:13:51,537 ] 97 werkzeug - INFO -  * Restarting with stat
[ 2025-02-01 14:13:58,687 ] 97 werkzeug - INFO -  * Restarting with stat
[ 2025-02-01 14:18:42,430 ] 97 werkzeug - INFO -  * Restarting with stat
[ 2025-02-01 14:31:36,517 ] 97 werkzeug - INFO -  * Restarting with stat
[ 2025-02-01 17:52:03,567 ] 97 werkzeug - INFO -  * Restarting with stat
[ 2025-02-01 17:52:24,607 ] 97 werkzeug - INFO -  * Restarting with stat
[ 2025-02-01 17:52:32,864 ] 97 werkzeug - INFO -  * Restarting with stat
[ 2025-02-01 17:52:42,496 ] 97 werkzeug - INFO -  * Restarting with stat
[ 2025-02-01 17:52:49,791 ] 97 werkzeug - INFO -  * Restarting with stat
[ 2025-02-01 18:08:49,531 ] 97 werkzeug - INFO -  * Restarting with stat
[ 2025-02-01 18:09:05,873 ] 97 werkzeug - INFO -  * Restarting with stat
[ 2025-02-01 18:09:16,881 ] 97 werkzeug - INFO -  * Restarting with stat
[ 2025-02-01 18:09:25,806 ] 97 werkzeug - INFO -  * Restarting with stat
[ 2025-02-01 18:09:32,622 ] 97 werkzeug - INFO -  * Restarting with stat
[ 2025-02-01 18:09:51,774 ] 97 werkzeug - INFO -  * Restarting with stat
[ 2025-02-01 18:09:58,735 ] 97 werkzeug - INFO -  * Restarting with stat
[ 2025-02-01 18:10:06,934 ] 97 werkzeug - INFO -  * Restarting with stat
[ 2025-02-01 18:10:19,235 ] 97 werkzeug - INFO -  * Restarting with stat
[ 2025-02-01 18:10:47,109 ] 97 werkzeug - INFO -  * Restarting with stat
[ 2025-02-01 18:10:55,959 ] 97 werkzeug - INFO -  * Restarting with stat
[ 2025-02-01 18:11:02,916 ] 97 werkzeug - INFO -  * Restarting with stat
[ 2025-02-01 18:11:08,659 ] 97 werkzeug - INFO -  * Restarting with stat
[ 2025-02-01 18:11:14,778 ] 97 werkzeug - INFO -  * Restarting with stat
[ 2025-02-01 18:11:34,336 ] 97 werkzeug - INFO -  * Restarting with stat
[ 2025-02-01 18:11:39,778 ] 97 werkzeug - INFO -  * Restarting with stat
[ 2025-02-01 18:11:46,837 ] 97 werkzeug - INFO -  * Restarting with stat
[ 2025-02-01 18:11:52,576 ] 97 werkzeug - INFO -  * Restarting with stat
[ 2025-02-01 18:11:57,989 ] 97 werkzeug - INFO -  * Restarting with stat
[ 2025-02-01 18:12:02,398 ] 97 werkzeug - INFO -  * Restarting with stat
[ 2025-02-01 18:12:09,392 ] 97 werkzeug - INFO -  * Restarting with stat
[ 2025-02-01 18:12:15,163 ] 97 werkzeug - INFO -  * Restarting with stat
[ 2025-02-01 18:12:59,796 ] 97 werkzeug - INFO -  * Restarting with stat
[ 2025-02-01 18:13:08,882 ] 97 werkzeug - INFO -  * Restarting with stat
[ 2025-02-01 18:13:18,569 ] 97 werkzeug - INFO -  * Restarting with stat
[ 2025-02-01 18:13:24,777 ] 97 werkzeug - INFO -  * Restarting with stat
[ 2025-02-01 18:13:37,576 ] 97 werkzeug - INFO -  * Restarting with stat
[ 2025-02-01 18:13:41,058 ] 97 werkzeug - INFO -  * Restarting with stat
[ 2025-02-01 18:13:49,562 ] 97 werkzeug - INFO -  * Restarting with stat
[ 2025-02-01 18:14:00,642 ] 97 werkzeug - INFO -  * Restarting with stat
[ 2025-02-01 18:27:00,090 ] 97 werkzeug - INFO -  * Restarting with stat
[ 2025-02-01 18:30:38,834 ] 97 werkzeug - INFO -  * Restarting with stat
